# JRE version: OpenJDK Runtime Environment (8.0_152-b02) (build 1.8.0_152-release-1024-b02)
# Java VM: OpenJDK 64-Bit Server VM (25.152-b02 mixed mode windows-amd64 compressed oops)
Heap:
 PSYoungGen      total 253440K, used 32631K [0x00000000e0000000, 0x00000000f1400000, 0x0000000100000000)
  eden space 235008K, 6% used [0x00000000e0000000,0x00000000e0de0468,0x00000000ee580000)
  from space 18432K, 99% used [0x00000000ee580000,0x00000000ef77d858,0x00000000ef780000)
  to   space 19456K, 0% used [0x00000000ef780000,0x00000000ef780000,0x00000000f0a80000)
 ParOldGen       total 139776K, used 33944K [0x00000000a0000000, 0x00000000a8880000, 0x00000000e0000000)
  object space 139776K, 24% used [0x00000000a0000000,0x00000000a21262e0,0x00000000a8880000)
 Metaspace       used 77731K, capacity 81309K, committed 81496K, reserved 1120256K
  class space    used 10356K, capacity 11030K, committed 11136K, reserved 1048576K
GC Heap History (10 events):
Event: 33.799 GC heap before
{Heap before GC invocations=12 (full 2):
 PSYoungGen      total 174592K, used 82020K [0x00000000e0000000, 0x00000000eec80000, 0x0000000100000000)
  eden space 159232K, 41% used [0x00000000e0000000,0x00000000e411bbc0,0x00000000e9b80000)
  from space 15360K, 99% used [0x00000000e9b80000,0x00000000eaa7d520,0x00000000eaa80000)
  to   space 20992K, 0% used [0x00000000ed800000,0x00000000ed800000,0x00000000eec80000)
 ParOldGen       total 93696K, used 31121K [0x00000000a0000000, 0x00000000a5b80000, 0x00000000e0000000)
  object space 93696K, 33% used [0x00000000a0000000,0x00000000a1e646e0,0x00000000a5b80000)
 Metaspace       used 57370K, capacity 58977K, committed 59028K, reserved 1099776K
  class space    used 7780K, capacity 8172K, committed 8192K, reserved 1048576K
Event: 33.821 GC heap after
Heap after GC invocations=12 (full 2):
 PSYoungGen      total 216064K, used 10217K [0x00000000e0000000, 0x00000000ee900000, 0x0000000100000000)
  eden space 198656K, 0% used [0x00000000e0000000,0x00000000e0000000,0x00000000ec200000)
  from space 17408K, 58% used [0x00000000ed800000,0x00000000ee1fa4b8,0x00000000ee900000)
  to   space 19968K, 0% used [0x00000000ec200000,0x00000000ec200000,0x00000000ed580000)
 ParOldGen       total 93696K, used 39144K [0x00000000a0000000, 0x00000000a5b80000, 0x00000000e0000000)
  object space 93696K, 41% used [0x00000000a0000000,0x00000000a263a088,0x00000000a5b80000)
 Metaspace       used 57370K, capacity 58977K, committed 59028K, reserved 1099776K
  class space    used 7780K, capacity 8172K, committed 8192K, reserved 1048576K
}
Event: 33.821 GC heap before
{Heap before GC invocations=13 (full 3):
 PSYoungGen      total 216064K, used 10217K [0x00000000e0000000, 0x00000000ee900000, 0x0000000100000000)
  eden space 198656K, 0% used [0x00000000e0000000,0x00000000e0000000,0x00000000ec200000)
  from space 17408K, 58% used [0x00000000ed800000,0x00000000ee1fa4b8,0x00000000ee900000)
  to   space 19968K, 0% used [0x00000000ec200000,0x00000000ec200000,0x00000000ed580000)
 ParOldGen       total 93696K, used 39144K [0x00000000a0000000, 0x00000000a5b80000, 0x00000000e0000000)
  object space 93696K, 41% used [0x00000000a0000000,0x00000000a263a088,0x00000000a5b80000)
 Metaspace       used 57370K, capacity 58977K, committed 59028K, reserved 1099776K
  class space    used 7780K, capacity 8172K, committed 8192K, reserved 1048576K
Event: 34.128 GC heap after
Heap after GC invocations=13 (full 3):
 PSYoungGen      total 216064K, used 0K [0x00000000e0000000, 0x00000000ee900000, 0x0000000100000000)
  eden space 198656K, 0% used [0x00000000e0000000,0x00000000e0000000,0x00000000ec200000)
  from space 17408K, 0% used [0x00000000ed800000,0x00000000ed800000,0x00000000ee900000)
  to   space 19968K, 0% used [0x00000000ec200000,0x00000000ec200000,0x00000000ed580000)
 ParOldGen       total 139776K, used 33262K [0x00000000a0000000, 0x00000000a8880000, 0x00000000e0000000)
  object space 139776K, 23% used [0x00000000a0000000,0x00000000a207baf0,0x00000000a8880000)
 Metaspace       used 57370K, capacity 58977K, committed 59028K, reserved 1099776K
  class space    used 7780K, capacity 8172K, committed 8192K, reserved 1048576K
}
Event: 93.812 GC heap before
{Heap before GC invocations=14 (full 3):
 PSYoungGen      total 216064K, used 198135K [0x00000000e0000000, 0x00000000ee900000, 0x0000000100000000)
  eden space 198656K, 99% used [0x00000000e0000000,0x00000000ec17dc90,0x00000000ec200000)
  from space 17408K, 0% used [0x00000000ed800000,0x00000000ed800000,0x00000000ee900000)
  to   space 19968K, 0% used [0x00000000ec200000,0x00000000ec200000,0x00000000ed580000)
 ParOldGen       total 139776K, used 33262K [0x00000000a0000000, 0x00000000a8880000, 0x00000000e0000000)
  object space 139776K, 23% used [0x00000000a0000000,0x00000000a207baf0,0x00000000a8880000)
 Metaspace       used 65155K, capacity 67059K, committed 67288K, reserved 1107968K
  class space    used 8671K, capacity 9169K, committed 9216K, reserved 1048576K
Event: 93.828 GC heap after
Heap after GC invocations=14 (full 3):
 PSYoungGen      total 218624K, used 9992K [0x00000000e0000000, 0x00000000f0a80000, 0x0000000100000000)
  eden space 198656K, 0% used [0x00000000e0000000,0x00000000e0000000,0x00000000ec200000)
  from space 19968K, 50% used [0x00000000ec200000,0x00000000ecbc20d8,0x00000000ed580000)
  to   space 19456K, 0% used [0x00000000ef780000,0x00000000ef780000,0x00000000f0a80000)
 ParOldGen       total 139776K, used 33270K [0x00000000a0000000, 0x00000000a8880000, 0x00000000e0000000)
  object space 139776K, 23% used [0x00000000a0000000,0x00000000a207daf0,0x00000000a8880000)
 Metaspace       used 65155K, capacity 67059K, committed 67288K, reserved 1107968K
  class space    used 8671K, capacity 9169K, committed 9216K, reserved 1048576K
}
Event: 95.614 GC heap before
{Heap before GC invocations=15 (full 3):
 PSYoungGen      total 218624K, used 208648K [0x00000000e0000000, 0x00000000f0a80000, 0x0000000100000000)
  eden space 198656K, 100% used [0x00000000e0000000,0x00000000ec200000,0x00000000ec200000)
  from space 19968K, 50% used [0x00000000ec200000,0x00000000ecbc20d8,0x00000000ed580000)
  to   space 19456K, 0% used [0x00000000ef780000,0x00000000ef780000,0x00000000f0a80000)
 ParOldGen       total 139776K, used 33270K [0x00000000a0000000, 0x00000000a8880000, 0x00000000e0000000)
  object space 139776K, 23% used [0x00000000a0000000,0x00000000a207daf0,0x00000000a8880000)
 Metaspace       used 66637K, capacity 68633K, committed 68696K, reserved 1107968K
  class space    used 8830K, capacity 9334K, committed 9344K, reserved 1048576K
Event: 95.643 GC heap after
Heap after GC invocations=15 (full 3):
 PSYoungGen      total 254464K, used 10926K [0x00000000e0000000, 0x00000000f1400000, 0x0000000100000000)
  eden space 235008K, 0% used [0x00000000e0000000,0x00000000e0000000,0x00000000ee580000)
  from space 19456K, 56% used [0x00000000ef780000,0x00000000f022b878,0x00000000f0a80000)
  to   space 18432K, 0% used [0x00000000ee580000,0x00000000ee580000,0x00000000ef780000)
 ParOldGen       total 139776K, used 33278K [0x00000000a0000000, 0x00000000a8880000, 0x00000000e0000000)
  object space 139776K, 23% used [0x00000000a0000000,0x00000000a207faf0,0x00000000a8880000)
 Metaspace       used 66637K, capacity 68633K, committed 68696K, reserved 1107968K
  class space    used 8830K, capacity 9334K, committed 9344K, reserved 1048576K
}
Event: 104.924 GC heap before
{Heap before GC invocations=16 (full 3):
 PSYoungGen      total 254464K, used 245934K [0x00000000e0000000, 0x00000000f1400000, 0x0000000100000000)
  eden space 235008K, 100% used [0x00000000e0000000,0x00000000ee580000,0x00000000ee580000)
  from space 19456K, 56% used [0x00000000ef780000,0x00000000f022b878,0x00000000f0a80000)
  to   space 18432K, 0% used [0x00000000ee580000,0x00000000ee580000,0x00000000ef780000)
 ParOldGen       total 139776K, used 33278K [0x00000000a0000000, 0x00000000a8880000, 0x00000000e0000000)
  object space 139776K, 23% used [0x00000000a0000000,0x00000000a207faf0,0x00000000a8880000)
 Metaspace       used 77322K, capacity 80881K, committed 81112K, reserved 1120256K
  class space    used 10312K, capacity 10990K, committed 11008K, reserved 1048576K
Event: 104.965 GC heap after
Heap after GC invocations=16 (full 3):
 PSYoungGen      total 253440K, used 18422K [0x00000000e0000000, 0x00000000f1400000, 0x0000000100000000)
  eden space 235008K, 0% used [0x00000000e0000000,0x00000000e0000000,0x00000000ee580000)
  from space 18432K, 99% used [0x00000000ee580000,0x00000000ef77d858,0x00000000ef780000)
  to   space 19456K, 0% used [0x00000000ef780000,0x00000000ef780000,0x00000000f0a80000)
 ParOldGen       total 139776K, used 33944K [0x00000000a0000000, 0x00000000a8880000, 0x00000000e0000000)
  object space 139776K, 24% used [0x00000000a0000000,0x00000000a21262e0,0x00000000a8880000)
 Metaspace       used 77322K, capacity 80881K, committed 81112K, reserved 1120256K
  class space    used 10312K, capacity 10990K, committed 11008K, reserved 1048576K
}

